INFO:sim:172 - Generating IP...
Resolving generics for 'myfifo128'...
Applying external generics to 'myfifo128'...
Delivering associated files for 'myfifo128'...
Delivering EJava files for 'myfifo128'...
Generating implementation netlist for 'myfifo128'...
INFO:sim - Pre-processing HDL files for 'myfifo128'...
WARNING:sim - BlackBox generator run option '-ifmt' found multiple times. Only
   the first occurence is considered.
Running synthesis for 'myfifo128'
Running ngcbuild...
Writing VHO instantiation template for 'myfifo128'...
Writing VHDL behavioral simulation model for 'myfifo128'...
WARNING:sim - Overwriting existing file
   /home/mukund/scopemaxx_project/ipcore_dir/tmp/_cg/myfifo128/doc/fifo_generato
   r_v9_3_vinfo.html with file from view xilinx_documentation
Delivered 3 files into directory
/home/mukund/scopemaxx_project/ipcore_dir/tmp/_cg/myfifo128
Delivered 1 file into directory
/home/mukund/scopemaxx_project/ipcore_dir/tmp/_cg/myfifo128
Generating ASY schematic symbol...
INFO:sim:949 - Finished generation of ASY schematic symbol.
Generating SYM schematic symbol for 'myfifo128'...
Generating metadata file...
Generating ISE project file for 'myfifo128'...
Generating ISE project...
XCO file found: myfifo128.xco
XMDF file found: myfifo128_xmdf.tcl
Adding /home/mukund/scopemaxx_project/ipcore_dir/tmp/_cg/myfifo128.asy -view all
-origin_type imported
Adding /home/mukund/scopemaxx_project/ipcore_dir/tmp/_cg/myfifo128.ngc -view all
-origin_type created
Checking file "/home/mukund/scopemaxx_project/ipcore_dir/tmp/_cg/myfifo128.ngc"
for project device match ...
File "/home/mukund/scopemaxx_project/ipcore_dir/tmp/_cg/myfifo128.ngc" device
information matches project device.
Adding /home/mukund/scopemaxx_project/ipcore_dir/tmp/_cg/myfifo128.sym -view all
-origin_type imported
Adding /home/mukund/scopemaxx_project/ipcore_dir/tmp/_cg/myfifo128.vhd -view all
-origin_type created
INFO:HDLCompiler:1061 - Parsing VHDL file
   "/home/mukund/scopemaxx_project/ipcore_dir/tmp/_cg/myfifo128.vhd" into
   library work
INFO:ProjectMgmt - Parsing design hierarchy completed successfully.
Adding /home/mukund/scopemaxx_project/ipcore_dir/tmp/_cg/myfifo128.vho -view all
-origin_type imported
INFO:TclTasksC:2116 - The automatic calculation of top has been turned-off.
   Please set the new top explicitly by running the "project set top" command.
   To re-calculate the new top automatically, set the "Auto Implementation Top"
   property to true.
Top level has been set to "/myfifo128"
Generating README file...
Generating FLIST file...
INFO:sim:948 - Finished FLIST file generation.
Launching README viewer...
Moving files to output directory...
Finished moving files to output directory
Wrote CGP file for project 'myfifo128'.
